Analysis & Synthesis report for Projeto_1
Tue Sep 20 21:12:45 2022
Quartus Prime Version 17.0.0 Build 595 04/25/2017 SJ Lite Edition


---------------------
; Table of Contents ;
---------------------
  1. Legal Notice
  2. Analysis & Synthesis Summary
  3. Analysis & Synthesis Settings
  4. Parallel Compilation
  5. Analysis & Synthesis Source Files Read
  6. Analysis & Synthesis Resource Usage Summary
  7. Analysis & Synthesis Resource Utilization by Entity
  8. General Register Statistics
  9. Multiplexer Restructuring Statistics (Restructuring Performed)
 10. Parameter Settings for User Entity Instance: Top-level Entity: |main
 11. Parameter Settings for User Entity Instance: somador:sum
 12. Parameter Settings for User Entity Instance: multiplex:mux
 13. Parameter Settings for User Entity Instance: subtrator:sub
 14. Parameter Settings for User Entity Instance: porta_or:p_or
 15. Parameter Settings for User Entity Instance: porta_and:p_and
 16. Parameter Settings for User Entity Instance: porta_not:p_not
 17. Post-Synthesis Netlist Statistics for Top Partition
 18. Elapsed Time Per Partition
 19. Analysis & Synthesis Messages



----------------
; Legal Notice ;
----------------
Copyright (C) 2017  Intel Corporation. All rights reserved.
Your use of Intel Corporation's design tools, logic functions 
and other software and tools, and its AMPP partner logic 
functions, and any output files from any of the foregoing 
(including device programming or simulation files), and any 
associated documentation or information are expressly subject 
to the terms and conditions of the Intel Program License 
Subscription Agreement, the Intel Quartus Prime License Agreement,
the Intel MegaCore Function License Agreement, or other 
applicable license agreement, including, without limitation, 
that your use is for the sole purpose of programming logic 
devices manufactured by Intel and sold by Intel or its 
authorized distributors.  Please refer to the applicable 
agreement for further details.



+-------------------------------------------------------------------------------+
; Analysis & Synthesis Summary                                                  ;
+---------------------------------+---------------------------------------------+
; Analysis & Synthesis Status     ; Successful - Tue Sep 20 21:12:45 2022       ;
; Quartus Prime Version           ; 17.0.0 Build 595 04/25/2017 SJ Lite Edition ;
; Revision Name                   ; Projeto_1                                   ;
; Top-level Entity Name           ; main                                        ;
; Family                          ; Cyclone V                                   ;
; Logic utilization (in ALMs)     ; N/A                                         ;
; Total registers                 ; 4                                           ;
; Total pins                      ; 18                                          ;
; Total virtual pins              ; 0                                           ;
; Total block memory bits         ; 0                                           ;
; Total DSP Blocks                ; 0                                           ;
; Total HSSI RX PCSs              ; 0                                           ;
; Total HSSI PMA RX Deserializers ; 0                                           ;
; Total HSSI TX PCSs              ; 0                                           ;
; Total HSSI PMA TX Serializers   ; 0                                           ;
; Total PLLs                      ; 0                                           ;
; Total DLLs                      ; 0                                           ;
+---------------------------------+---------------------------------------------+


+---------------------------------------------------------------------------------------------------------------------------+
; Analysis & Synthesis Settings                                                                                             ;
+---------------------------------------------------------------------------------+--------------------+--------------------+
; Option                                                                          ; Setting            ; Default Value      ;
+---------------------------------------------------------------------------------+--------------------+--------------------+
; Device                                                                          ; 5CGXFC7C7F23C8     ;                    ;
; Top-level entity name                                                           ; main               ; Projeto_1          ;
; Family name                                                                     ; Cyclone V          ; Cyclone V          ;
; Use smart compilation                                                           ; Off                ; Off                ;
; Enable parallel Assembler and TimeQuest Timing Analyzer during compilation      ; On                 ; On                 ;
; Enable compact report table                                                     ; Off                ; Off                ;
; Restructure Multiplexers                                                        ; Auto               ; Auto               ;
; MLAB Add Timing Constraints For Mixed-Port Feed-Through Mode Setting Don't Care ; Off                ; Off                ;
; Create Debugging Nodes for IP Cores                                             ; Off                ; Off                ;
; Preserve fewer node names                                                       ; On                 ; On                 ;
; OpenCore Plus hardware evaluation                                               ; Enable             ; Enable             ;
; Verilog Version                                                                 ; Verilog_2001       ; Verilog_2001       ;
; VHDL Version                                                                    ; VHDL_1993          ; VHDL_1993          ;
; State Machine Processing                                                        ; Auto               ; Auto               ;
; Safe State Machine                                                              ; Off                ; Off                ;
; Extract Verilog State Machines                                                  ; On                 ; On                 ;
; Extract VHDL State Machines                                                     ; On                 ; On                 ;
; Ignore Verilog initial constructs                                               ; Off                ; Off                ;
; Iteration limit for constant Verilog loops                                      ; 5000               ; 5000               ;
; Iteration limit for non-constant Verilog loops                                  ; 250                ; 250                ;
; Add Pass-Through Logic to Inferred RAMs                                         ; On                 ; On                 ;
; Infer RAMs from Raw Logic                                                       ; On                 ; On                 ;
; Parallel Synthesis                                                              ; On                 ; On                 ;
; DSP Block Balancing                                                             ; Auto               ; Auto               ;
; NOT Gate Push-Back                                                              ; On                 ; On                 ;
; Power-Up Don't Care                                                             ; On                 ; On                 ;
; Remove Redundant Logic Cells                                                    ; Off                ; Off                ;
; Remove Duplicate Registers                                                      ; On                 ; On                 ;
; Ignore CARRY Buffers                                                            ; Off                ; Off                ;
; Ignore CASCADE Buffers                                                          ; Off                ; Off                ;
; Ignore GLOBAL Buffers                                                           ; Off                ; Off                ;
; Ignore ROW GLOBAL Buffers                                                       ; Off                ; Off                ;
; Ignore LCELL Buffers                                                            ; Off                ; Off                ;
; Ignore SOFT Buffers                                                             ; On                 ; On                 ;
; Limit AHDL Integers to 32 Bits                                                  ; Off                ; Off                ;
; Optimization Technique                                                          ; Balanced           ; Balanced           ;
; Carry Chain Length                                                              ; 70                 ; 70                 ;
; Auto Carry Chains                                                               ; On                 ; On                 ;
; Auto Open-Drain Pins                                                            ; On                 ; On                 ;
; Perform WYSIWYG Primitive Resynthesis                                           ; Off                ; Off                ;
; Auto ROM Replacement                                                            ; On                 ; On                 ;
; Auto RAM Replacement                                                            ; On                 ; On                 ;
; Auto DSP Block Replacement                                                      ; On                 ; On                 ;
; Auto Shift Register Replacement                                                 ; Auto               ; Auto               ;
; Allow Shift Register Merging across Hierarchies                                 ; Auto               ; Auto               ;
; Auto Clock Enable Replacement                                                   ; On                 ; On                 ;
; Strict RAM Replacement                                                          ; Off                ; Off                ;
; Allow Synchronous Control Signals                                               ; On                 ; On                 ;
; Force Use of Synchronous Clear Signals                                          ; Off                ; Off                ;
; Auto Resource Sharing                                                           ; Off                ; Off                ;
; Allow Any RAM Size For Recognition                                              ; Off                ; Off                ;
; Allow Any ROM Size For Recognition                                              ; Off                ; Off                ;
; Allow Any Shift Register Size For Recognition                                   ; Off                ; Off                ;
; Use LogicLock Constraints during Resource Balancing                             ; On                 ; On                 ;
; Ignore translate_off and synthesis_off directives                               ; Off                ; Off                ;
; Timing-Driven Synthesis                                                         ; On                 ; On                 ;
; Report Parameter Settings                                                       ; On                 ; On                 ;
; Report Source Assignments                                                       ; On                 ; On                 ;
; Report Connectivity Checks                                                      ; On                 ; On                 ;
; Ignore Maximum Fan-Out Assignments                                              ; Off                ; Off                ;
; Synchronization Register Chain Length                                           ; 3                  ; 3                  ;
; PowerPlay Power Optimization During Synthesis                                   ; Normal compilation ; Normal compilation ;
; HDL message level                                                               ; Level2             ; Level2             ;
; Suppress Register Optimization Related Messages                                 ; Off                ; Off                ;
; Number of Removed Registers Reported in Synthesis Report                        ; 5000               ; 5000               ;
; Number of Swept Nodes Reported in Synthesis Report                              ; 5000               ; 5000               ;
; Number of Inverted Registers Reported in Synthesis Report                       ; 100                ; 100                ;
; Clock MUX Protection                                                            ; On                 ; On                 ;
; Auto Gated Clock Conversion                                                     ; Off                ; Off                ;
; Block Design Naming                                                             ; Auto               ; Auto               ;
; SDC constraint protection                                                       ; Off                ; Off                ;
; Synthesis Effort                                                                ; Auto               ; Auto               ;
; Shift Register Replacement - Allow Asynchronous Clear Signal                    ; On                 ; On                 ;
; Pre-Mapping Resynthesis Optimization                                            ; Off                ; Off                ;
; Analysis & Synthesis Message Level                                              ; Medium             ; Medium             ;
; Disable Register Merging Across Hierarchies                                     ; Auto               ; Auto               ;
; Resource Aware Inference For Block RAM                                          ; On                 ; On                 ;
; Automatic Parallel Synthesis                                                    ; On                 ; On                 ;
; Partial Reconfiguration Bitstream ID                                            ; Off                ; Off                ;
+---------------------------------------------------------------------------------+--------------------+--------------------+


+------------------------------------------+
; Parallel Compilation                     ;
+----------------------------+-------------+
; Processors                 ; Number      ;
+----------------------------+-------------+
; Number detected on machine ; 2           ;
; Maximum allowed            ; 2           ;
;                            ;             ;
; Average used               ; 1.00        ;
; Maximum used               ; 2           ;
;                            ;             ;
; Usage by Processor         ; % Time Used ;
;     Processor 1            ; 100.0%      ;
;     Processor 2            ;   0.0%      ;
+----------------------------+-------------+


+--------------------------------------------------------------------------------------------------------------------------------------------------------+
; Analysis & Synthesis Source Files Read                                                                                                                 ;
+----------------------------------+-----------------+-----------------+-----------------------------------------------------------------------+---------+
; File Name with User-Entered Path ; Used in Netlist ; File Type       ; File Name with Absolute Path                                          ; Library ;
+----------------------------------+-----------------+-----------------+-----------------------------------------------------------------------+---------+
; subtrator.vhd                    ; yes             ; User VHDL File  ; C:/Users/Enf/Documents/QuartusProjects/Projeto1_PHI/ULA/subtrator.vhd ;         ;
; somador.vhd                      ; yes             ; User VHDL File  ; C:/Users/Enf/Documents/QuartusProjects/Projeto1_PHI/ULA/somador.vhd   ;         ;
; shift.vhd                        ; yes             ; User VHDL File  ; C:/Users/Enf/Documents/QuartusProjects/Projeto1_PHI/ULA/shift.vhd     ;         ;
; porta_or.vhd                     ; yes             ; User VHDL File  ; C:/Users/Enf/Documents/QuartusProjects/Projeto1_PHI/ULA/porta_or.vhd  ;         ;
; porta_not.vhd                    ; yes             ; User VHDL File  ; C:/Users/Enf/Documents/QuartusProjects/Projeto1_PHI/ULA/porta_not.vhd ;         ;
; porta_and.vhd                    ; yes             ; User VHDL File  ; C:/Users/Enf/Documents/QuartusProjects/Projeto1_PHI/ULA/porta_and.vhd ;         ;
; multiplex.vhd                    ; yes             ; User VHDL File  ; C:/Users/Enf/Documents/QuartusProjects/Projeto1_PHI/ULA/multiplex.vhd ;         ;
; main.vhd                         ; yes             ; User VHDL File  ; C:/Users/Enf/Documents/QuartusProjects/Projeto1_PHI/ULA/main.vhd      ;         ;
+----------------------------------+-----------------+-----------------+-----------------------------------------------------------------------+---------+


+----------------------------------------------------------------------+
; Analysis & Synthesis Resource Usage Summary                          ;
+---------------------------------------------+------------------------+
; Resource                                    ; Usage                  ;
+---------------------------------------------+------------------------+
; Estimate of Logic utilization (ALMs needed) ; 9                      ;
;                                             ;                        ;
; Combinational ALUT usage for logic          ; 14                     ;
;     -- 7 input functions                    ; 4                      ;
;     -- 6 input functions                    ; 0                      ;
;     -- 5 input functions                    ; 0                      ;
;     -- 4 input functions                    ; 0                      ;
;     -- <=3 input functions                  ; 10                     ;
;                                             ;                        ;
; Dedicated logic registers                   ; 4                      ;
;                                             ;                        ;
; I/O pins                                    ; 18                     ;
;                                             ;                        ;
; Total DSP Blocks                            ; 0                      ;
;                                             ;                        ;
; Maximum fan-out node                        ; multiplex:mux|Equal4~0 ;
; Maximum fan-out                             ; 5                      ;
; Total fan-out                               ; 89                     ;
; Average fan-out                             ; 1.65                   ;
+---------------------------------------------+------------------------+


+----------------------------------------------------------------------------------------------------------------------------------------------------------------------------------------+
; Analysis & Synthesis Resource Utilization by Entity                                                                                                                                    ;
+----------------------------+---------------------+---------------------------+-------------------+------------+------+--------------+---------------------+-------------+--------------+
; Compilation Hierarchy Node ; Combinational ALUTs ; Dedicated Logic Registers ; Block Memory Bits ; DSP Blocks ; Pins ; Virtual Pins ; Full Hierarchy Name ; Entity Name ; Library Name ;
+----------------------------+---------------------+---------------------------+-------------------+------------+------+--------------+---------------------+-------------+--------------+
; |main                      ; 14 (0)              ; 4 (0)                     ; 0                 ; 0          ; 18   ; 0            ; |main               ; main        ; work         ;
;    |multiplex:mux|         ; 5 (5)               ; 0 (0)                     ; 0                 ; 0          ; 0    ; 0            ; |main|multiplex:mux ; multiplex   ; work         ;
;    |shift:shif|            ; 4 (4)               ; 4 (4)                     ; 0                 ; 0          ; 0    ; 0            ; |main|shift:shif    ; shift       ; work         ;
;    |subtrator:sub|         ; 5 (5)               ; 0 (0)                     ; 0                 ; 0          ; 0    ; 0            ; |main|subtrator:sub ; subtrator   ; work         ;
+----------------------------+---------------------+---------------------------+-------------------+------------+------+--------------+---------------------+-------------+--------------+
Note: For table entries with two numbers listed, the numbers in parentheses indicate the number of resources of the given type used by the specific entity alone. The numbers listed outside of parentheses indicate the total resources of the given type used by the specific entity and all of its sub-entities in the hierarchy.


+------------------------------------------------------+
; General Register Statistics                          ;
+----------------------------------------------+-------+
; Statistic                                    ; Value ;
+----------------------------------------------+-------+
; Total registers                              ; 4     ;
; Number of registers using Synchronous Clear  ; 0     ;
; Number of registers using Synchronous Load   ; 0     ;
; Number of registers using Asynchronous Clear ; 0     ;
; Number of registers using Asynchronous Load  ; 0     ;
; Number of registers using Clock Enable       ; 0     ;
; Number of registers using Preset             ; 0     ;
+----------------------------------------------+-------+


+--------------------------------------------------------------------------------------------------------------------------------------------+
; Multiplexer Restructuring Statistics (Restructuring Performed)                                                                             ;
+--------------------+-----------+---------------+----------------------+------------------------+------------+------------------------------+
; Multiplexer Inputs ; Bus Width ; Baseline Area ; Area if Restructured ; Saving if Restructured ; Registered ; Example Multiplexer Output   ;
+--------------------+-----------+---------------+----------------------+------------------------+------------+------------------------------+
; 5:1                ; 4 bits    ; 12 LEs        ; 12 LEs               ; 0 LEs                  ; No         ; |main|multiplex:mux|saida[0] ;
+--------------------+-----------+---------------+----------------------+------------------------+------------+------------------------------+


+----------------------------------------------------------------------+
; Parameter Settings for User Entity Instance: Top-level Entity: |main ;
+----------------+-------+---------------------------------------------+
; Parameter Name ; Value ; Type                                        ;
+----------------+-------+---------------------------------------------+
; n              ; 4     ; Signed Integer                              ;
+----------------+-------+---------------------------------------------+
Note: In order to hide this table in the UI and the text report file, please set the "Show Parameter Settings in Synthesis Report" option in "Analysis and Synthesis Settings -> More Settings" to "Off".


+----------------------------------------------------------+
; Parameter Settings for User Entity Instance: somador:sum ;
+----------------+-------+---------------------------------+
; Parameter Name ; Value ; Type                            ;
+----------------+-------+---------------------------------+
; n              ; 4     ; Signed Integer                  ;
+----------------+-------+---------------------------------+
Note: In order to hide this table in the UI and the text report file, please set the "Show Parameter Settings in Synthesis Report" option in "Analysis and Synthesis Settings -> More Settings" to "Off".


+------------------------------------------------------------+
; Parameter Settings for User Entity Instance: multiplex:mux ;
+----------------+-------+-----------------------------------+
; Parameter Name ; Value ; Type                              ;
+----------------+-------+-----------------------------------+
; n              ; 4     ; Signed Integer                    ;
+----------------+-------+-----------------------------------+
Note: In order to hide this table in the UI and the text report file, please set the "Show Parameter Settings in Synthesis Report" option in "Analysis and Synthesis Settings -> More Settings" to "Off".


+------------------------------------------------------------+
; Parameter Settings for User Entity Instance: subtrator:sub ;
+----------------+-------+-----------------------------------+
; Parameter Name ; Value ; Type                              ;
+----------------+-------+-----------------------------------+
; n              ; 4     ; Signed Integer                    ;
+----------------+-------+-----------------------------------+
Note: In order to hide this table in the UI and the text report file, please set the "Show Parameter Settings in Synthesis Report" option in "Analysis and Synthesis Settings -> More Settings" to "Off".


+------------------------------------------------------------+
; Parameter Settings for User Entity Instance: porta_or:p_or ;
+----------------+-------+-----------------------------------+
; Parameter Name ; Value ; Type                              ;
+----------------+-------+-----------------------------------+
; n              ; 4     ; Signed Integer                    ;
+----------------+-------+-----------------------------------+
Note: In order to hide this table in the UI and the text report file, please set the "Show Parameter Settings in Synthesis Report" option in "Analysis and Synthesis Settings -> More Settings" to "Off".


+--------------------------------------------------------------+
; Parameter Settings for User Entity Instance: porta_and:p_and ;
+----------------+-------+-------------------------------------+
; Parameter Name ; Value ; Type                                ;
+----------------+-------+-------------------------------------+
; n              ; 4     ; Signed Integer                      ;
+----------------+-------+-------------------------------------+
Note: In order to hide this table in the UI and the text report file, please set the "Show Parameter Settings in Synthesis Report" option in "Analysis and Synthesis Settings -> More Settings" to "Off".


+--------------------------------------------------------------+
; Parameter Settings for User Entity Instance: porta_not:p_not ;
+----------------+-------+-------------------------------------+
; Parameter Name ; Value ; Type                                ;
+----------------+-------+-------------------------------------+
; n              ; 4     ; Signed Integer                      ;
+----------------+-------+-------------------------------------+
Note: In order to hide this table in the UI and the text report file, please set the "Show Parameter Settings in Synthesis Report" option in "Analysis and Synthesis Settings -> More Settings" to "Off".


+-----------------------------------------------------+
; Post-Synthesis Netlist Statistics for Top Partition ;
+-----------------------+-----------------------------+
; Type                  ; Count                       ;
+-----------------------+-----------------------------+
; arriav_ff             ; 4                           ;
;     plain             ; 4                           ;
; arriav_lcell_comb     ; 14                          ;
;     arith             ; 5                           ;
;         1 data inputs ; 1                           ;
;         3 data inputs ; 4                           ;
;     extend            ; 4                           ;
;         7 data inputs ; 4                           ;
;     normal            ; 5                           ;
;         2 data inputs ; 1                           ;
;         3 data inputs ; 4                           ;
; boundary_port         ; 18                          ;
;                       ;                             ;
; Max LUT depth         ; 3.40                        ;
; Average LUT depth     ; 2.34                        ;
+-----------------------+-----------------------------+


+-------------------------------+
; Elapsed Time Per Partition    ;
+----------------+--------------+
; Partition Name ; Elapsed Time ;
+----------------+--------------+
; Top            ; 00:00:02     ;
+----------------+--------------+


+-------------------------------+
; Analysis & Synthesis Messages ;
+-------------------------------+
Info: *******************************************************************
Info: Running Quartus Prime Analysis & Synthesis
    Info: Version 17.0.0 Build 595 04/25/2017 SJ Lite Edition
    Info: Processing started: Tue Sep 20 21:12:09 2022
Info: Command: quartus_map --read_settings_files=on --write_settings_files=off Projeto_1 -c Projeto_1
Warning (18236): Number of processors has not been specified which may cause overloading on shared machines.  Set the global assignment NUM_PARALLEL_PROCESSORS in your QSF to an appropriate value for best performance.
Info (20032): Parallel compilation is enabled and will use up to 2 processors
Info (12021): Found 2 design units, including 1 entities, in source file subtrator.vhd
    Info (12022): Found design unit 1: subtrator-hard File: C:/Users/Enf/Documents/QuartusProjects/Projeto1_PHI/ULA/subtrator.vhd Line: 15
    Info (12023): Found entity 1: subtrator File: C:/Users/Enf/Documents/QuartusProjects/Projeto1_PHI/ULA/subtrator.vhd Line: 6
Info (12021): Found 2 design units, including 1 entities, in source file somador.vhd
    Info (12022): Found design unit 1: somador-hard File: C:/Users/Enf/Documents/QuartusProjects/Projeto1_PHI/ULA/somador.vhd Line: 15
    Info (12023): Found entity 1: somador File: C:/Users/Enf/Documents/QuartusProjects/Projeto1_PHI/ULA/somador.vhd Line: 6
Info (12021): Found 2 design units, including 1 entities, in source file shift.vhd
    Info (12022): Found design unit 1: shift-hard File: C:/Users/Enf/Documents/QuartusProjects/Projeto1_PHI/ULA/shift.vhd Line: 14
    Info (12023): Found entity 1: shift File: C:/Users/Enf/Documents/QuartusProjects/Projeto1_PHI/ULA/shift.vhd Line: 4
Info (12021): Found 2 design units, including 1 entities, in source file porta_or.vhd
    Info (12022): Found design unit 1: porta_or-hard File: C:/Users/Enf/Documents/QuartusProjects/Projeto1_PHI/ULA/porta_or.vhd Line: 16
    Info (12023): Found entity 1: porta_or File: C:/Users/Enf/Documents/QuartusProjects/Projeto1_PHI/ULA/porta_or.vhd Line: 4
Info (12021): Found 2 design units, including 1 entities, in source file porta_not.vhd
    Info (12022): Found design unit 1: porta_not-hard File: C:/Users/Enf/Documents/QuartusProjects/Projeto1_PHI/ULA/porta_not.vhd Line: 15
    Info (12023): Found entity 1: porta_not File: C:/Users/Enf/Documents/QuartusProjects/Projeto1_PHI/ULA/porta_not.vhd Line: 6
Info (12021): Found 2 design units, including 1 entities, in source file porta_and.vhd
    Info (12022): Found design unit 1: porta_and-hard File: C:/Users/Enf/Documents/QuartusProjects/Projeto1_PHI/ULA/porta_and.vhd Line: 16
    Info (12023): Found entity 1: porta_and File: C:/Users/Enf/Documents/QuartusProjects/Projeto1_PHI/ULA/porta_and.vhd Line: 4
Info (12021): Found 2 design units, including 1 entities, in source file multiplex.vhd
    Info (12022): Found design unit 1: multiplex-hard File: C:/Users/Enf/Documents/QuartusProjects/Projeto1_PHI/ULA/multiplex.vhd Line: 16
    Info (12023): Found entity 1: multiplex File: C:/Users/Enf/Documents/QuartusProjects/Projeto1_PHI/ULA/multiplex.vhd Line: 4
Info (12021): Found 2 design units, including 1 entities, in source file main_tb.vhd
    Info (12022): Found design unit 1: main_tb-hard File: C:/Users/Enf/Documents/QuartusProjects/Projeto1_PHI/ULA/main_tb.vhd Line: 9
    Info (12023): Found entity 1: main_tb File: C:/Users/Enf/Documents/QuartusProjects/Projeto1_PHI/ULA/main_tb.vhd Line: 6
Info (12021): Found 2 design units, including 1 entities, in source file main.vhd
    Info (12022): Found design unit 1: main-hard File: C:/Users/Enf/Documents/QuartusProjects/Projeto1_PHI/ULA/main.vhd Line: 18
    Info (12023): Found entity 1: main File: C:/Users/Enf/Documents/QuartusProjects/Projeto1_PHI/ULA/main.vhd Line: 5
Info (12127): Elaborating entity "main" for the top level hierarchy
Info (12128): Elaborating entity "somador" for hierarchy "somador:sum" File: C:/Users/Enf/Documents/QuartusProjects/Projeto1_PHI/ULA/main.vhd Line: 92
Info (12128): Elaborating entity "multiplex" for hierarchy "multiplex:mux" File: C:/Users/Enf/Documents/QuartusProjects/Projeto1_PHI/ULA/main.vhd Line: 101
Info (12128): Elaborating entity "subtrator" for hierarchy "subtrator:sub" File: C:/Users/Enf/Documents/QuartusProjects/Projeto1_PHI/ULA/main.vhd Line: 115
Info (12128): Elaborating entity "porta_or" for hierarchy "porta_or:p_or" File: C:/Users/Enf/Documents/QuartusProjects/Projeto1_PHI/ULA/main.vhd Line: 124
Info (12128): Elaborating entity "porta_and" for hierarchy "porta_and:p_and" File: C:/Users/Enf/Documents/QuartusProjects/Projeto1_PHI/ULA/main.vhd Line: 133
Info (12128): Elaborating entity "porta_not" for hierarchy "porta_not:p_not" File: C:/Users/Enf/Documents/QuartusProjects/Projeto1_PHI/ULA/main.vhd Line: 142
Info (12128): Elaborating entity "shift" for hierarchy "shift:shif" File: C:/Users/Enf/Documents/QuartusProjects/Projeto1_PHI/ULA/main.vhd Line: 150
Info (286030): Timing-Driven Synthesis is running
Info (16010): Generating hard_block partition "hard_block:auto_generated_inst"
    Info (16011): Adding 0 node(s), including 0 DDIO, 0 PLL, 0 transceiver and 0 LCELL
Warning (21074): Design contains 1 input pin(s) that do not drive logic
    Warning (15610): No output dependent on input pin "reset" File: C:/Users/Enf/Documents/QuartusProjects/Projeto1_PHI/ULA/main.vhd Line: 12
Info (21057): Implemented 32 device resources after synthesis - the final resource count might be different
    Info (21058): Implemented 14 input pins
    Info (21059): Implemented 4 output pins
    Info (21061): Implemented 14 logic cells
Info: Quartus Prime Analysis & Synthesis was successful. 0 errors, 3 warnings
    Info: Peak virtual memory: 4858 megabytes
    Info: Processing ended: Tue Sep 20 21:12:45 2022
    Info: Elapsed time: 00:00:36
    Info: Total CPU time (on all processors): 00:00:43


