Analysis & Synthesis report for ULA
Tue Sep 27 01:03:18 2022
Quartus Prime Version 17.0.0 Build 595 04/25/2017 SJ Lite Edition


---------------------
; Table of Contents ;
---------------------
  1. Legal Notice
  2. Analysis & Synthesis Summary
  3. Analysis & Synthesis Settings
  4. Parallel Compilation
  5. Analysis & Synthesis Messages



----------------
; Legal Notice ;
----------------
Copyright (C) 2017  Intel Corporation. All rights reserved.
Your use of Intel Corporation's design tools, logic functions 
and other software and tools, and its AMPP partner logic 
functions, and any output files from any of the foregoing 
(including device programming or simulation files), and any 
associated documentation or information are expressly subject 
to the terms and conditions of the Intel Program License 
Subscription Agreement, the Intel Quartus Prime License Agreement,
the Intel MegaCore Function License Agreement, or other 
applicable license agreement, including, without limitation, 
that your use is for the sole purpose of programming logic 
devices manufactured by Intel and sold by Intel or its 
authorized distributors.  Please refer to the applicable 
agreement for further details.



+----------------------------------------------------------------------------------+
; Analysis & Synthesis Summary                                                     ;
+------------------------------------+---------------------------------------------+
; Analysis & Synthesis Status        ; Failed - Tue Sep 27 01:03:18 2022           ;
; Quartus Prime Version              ; 17.0.0 Build 595 04/25/2017 SJ Lite Edition ;
; Revision Name                      ; ULA                                         ;
; Top-level Entity Name              ; ULA_tb                                      ;
; Family                             ; Cyclone IV E                                ;
; Total logic elements               ; N/A until Partition Merge                   ;
;     Total combinational functions  ; N/A until Partition Merge                   ;
;     Dedicated logic registers      ; N/A until Partition Merge                   ;
; Total registers                    ; N/A until Partition Merge                   ;
; Total pins                         ; N/A until Partition Merge                   ;
; Total virtual pins                 ; N/A until Partition Merge                   ;
; Total memory bits                  ; N/A until Partition Merge                   ;
; Embedded Multiplier 9-bit elements ; N/A until Partition Merge                   ;
; Total PLLs                         ; N/A until Partition Merge                   ;
+------------------------------------+---------------------------------------------+


+----------------------------------------------------------------------------------------------------------------------+
; Analysis & Synthesis Settings                                                                                        ;
+----------------------------------------------------------------------------+--------------------+--------------------+
; Option                                                                     ; Setting            ; Default Value      ;
+----------------------------------------------------------------------------+--------------------+--------------------+
; Top-level entity name                                                      ; ULA_tb             ; ULA                ;
; Family name                                                                ; Cyclone IV E       ; Cyclone V          ;
; Use smart compilation                                                      ; Off                ; Off                ;
; Enable parallel Assembler and TimeQuest Timing Analyzer during compilation ; On                 ; On                 ;
; Enable compact report table                                                ; Off                ; Off                ;
; Restructure Multiplexers                                                   ; Auto               ; Auto               ;
; Create Debugging Nodes for IP Cores                                        ; Off                ; Off                ;
; Preserve fewer node names                                                  ; On                 ; On                 ;
; OpenCore Plus hardware evaluation                                          ; Enable             ; Enable             ;
; Verilog Version                                                            ; Verilog_2001       ; Verilog_2001       ;
; VHDL Version                                                               ; VHDL_1993          ; VHDL_1993          ;
; State Machine Processing                                                   ; Auto               ; Auto               ;
; Safe State Machine                                                         ; Off                ; Off                ;
; Extract Verilog State Machines                                             ; On                 ; On                 ;
; Extract VHDL State Machines                                                ; On                 ; On                 ;
; Ignore Verilog initial constructs                                          ; Off                ; Off                ;
; Iteration limit for constant Verilog loops                                 ; 5000               ; 5000               ;
; Iteration limit for non-constant Verilog loops                             ; 250                ; 250                ;
; Add Pass-Through Logic to Inferred RAMs                                    ; On                 ; On                 ;
; Infer RAMs from Raw Logic                                                  ; On                 ; On                 ;
; Parallel Synthesis                                                         ; On                 ; On                 ;
; DSP Block Balancing                                                        ; Auto               ; Auto               ;
; NOT Gate Push-Back                                                         ; On                 ; On                 ;
; Power-Up Don't Care                                                        ; On                 ; On                 ;
; Remove Redundant Logic Cells                                               ; Off                ; Off                ;
; Remove Duplicate Registers                                                 ; On                 ; On                 ;
; Ignore CARRY Buffers                                                       ; Off                ; Off                ;
; Ignore CASCADE Buffers                                                     ; Off                ; Off                ;
; Ignore GLOBAL Buffers                                                      ; Off                ; Off                ;
; Ignore ROW GLOBAL Buffers                                                  ; Off                ; Off                ;
; Ignore LCELL Buffers                                                       ; Off                ; Off                ;
; Ignore SOFT Buffers                                                        ; On                 ; On                 ;
; Limit AHDL Integers to 32 Bits                                             ; Off                ; Off                ;
; Optimization Technique                                                     ; Balanced           ; Balanced           ;
; Carry Chain Length                                                         ; 70                 ; 70                 ;
; Auto Carry Chains                                                          ; On                 ; On                 ;
; Auto Open-Drain Pins                                                       ; On                 ; On                 ;
; Perform WYSIWYG Primitive Resynthesis                                      ; Off                ; Off                ;
; Auto ROM Replacement                                                       ; On                 ; On                 ;
; Auto RAM Replacement                                                       ; On                 ; On                 ;
; Auto DSP Block Replacement                                                 ; On                 ; On                 ;
; Auto Shift Register Replacement                                            ; Auto               ; Auto               ;
; Allow Shift Register Merging across Hierarchies                            ; Auto               ; Auto               ;
; Auto Clock Enable Replacement                                              ; On                 ; On                 ;
; Strict RAM Replacement                                                     ; Off                ; Off                ;
; Allow Synchronous Control Signals                                          ; On                 ; On                 ;
; Force Use of Synchronous Clear Signals                                     ; Off                ; Off                ;
; Auto RAM Block Balancing                                                   ; On                 ; On                 ;
; Auto RAM to Logic Cell Conversion                                          ; Off                ; Off                ;
; Auto Resource Sharing                                                      ; Off                ; Off                ;
; Allow Any RAM Size For Recognition                                         ; Off                ; Off                ;
; Allow Any ROM Size For Recognition                                         ; Off                ; Off                ;
; Allow Any Shift Register Size For Recognition                              ; Off                ; Off                ;
; Use LogicLock Constraints during Resource Balancing                        ; On                 ; On                 ;
; Ignore translate_off and synthesis_off directives                          ; Off                ; Off                ;
; Timing-Driven Synthesis                                                    ; On                 ; On                 ;
; Report Parameter Settings                                                  ; On                 ; On                 ;
; Report Source Assignments                                                  ; On                 ; On                 ;
; Report Connectivity Checks                                                 ; On                 ; On                 ;
; Ignore Maximum Fan-Out Assignments                                         ; Off                ; Off                ;
; Synchronization Register Chain Length                                      ; 2                  ; 2                  ;
; PowerPlay Power Optimization During Synthesis                              ; Normal compilation ; Normal compilation ;
; HDL message level                                                          ; Level2             ; Level2             ;
; Suppress Register Optimization Related Messages                            ; Off                ; Off                ;
; Number of Removed Registers Reported in Synthesis Report                   ; 5000               ; 5000               ;
; Number of Swept Nodes Reported in Synthesis Report                         ; 5000               ; 5000               ;
; Number of Inverted Registers Reported in Synthesis Report                  ; 100                ; 100                ;
; Clock MUX Protection                                                       ; On                 ; On                 ;
; Auto Gated Clock Conversion                                                ; Off                ; Off                ;
; Block Design Naming                                                        ; Auto               ; Auto               ;
; SDC constraint protection                                                  ; Off                ; Off                ;
; Synthesis Effort                                                           ; Auto               ; Auto               ;
; Shift Register Replacement - Allow Asynchronous Clear Signal               ; On                 ; On                 ;
; Pre-Mapping Resynthesis Optimization                                       ; Off                ; Off                ;
; Analysis & Synthesis Message Level                                         ; Medium             ; Medium             ;
; Disable Register Merging Across Hierarchies                                ; Auto               ; Auto               ;
; Resource Aware Inference For Block RAM                                     ; On                 ; On                 ;
+----------------------------------------------------------------------------+--------------------+--------------------+


+------------------------------------------+
; Parallel Compilation                     ;
+----------------------------+-------------+
; Processors                 ; Number      ;
+----------------------------+-------------+
; Number detected on machine ; 2           ;
; Maximum allowed            ; 2           ;
;                            ;             ;
; Average used               ; 1.00        ;
; Maximum used               ; 1           ;
;                            ;             ;
; Usage by Processor         ; % Time Used ;
;     Processor 1            ; 100.0%      ;
+----------------------------+-------------+


+-------------------------------+
; Analysis & Synthesis Messages ;
+-------------------------------+
Info: *******************************************************************
Info: Running Quartus Prime Analysis & Synthesis
    Info: Version 17.0.0 Build 595 04/25/2017 SJ Lite Edition
    Info: Processing started: Tue Sep 27 01:02:53 2022
Info: Command: quartus_map --read_settings_files=on --write_settings_files=off ULA -c ULA
Warning (18236): Number of processors has not been specified which may cause overloading on shared machines.  Set the global assignment NUM_PARALLEL_PROCESSORS in your QSF to an appropriate value for best performance.
Info (20032): Parallel compilation is enabled and will use up to 2 processors
Info (12021): Found 2 design units, including 1 entities, in source file ula_tb.vhd
    Info (12022): Found design unit 1: ULA_tb-test File: C:/Users/Enf/Documents/QuartusProjects/Projeto1PHI/ULA/ULA_tb.vhd Line: 10
    Info (12023): Found entity 1: ULA_tb File: C:/Users/Enf/Documents/QuartusProjects/Projeto1PHI/ULA/ULA_tb.vhd Line: 7
Info (12021): Found 2 design units, including 1 entities, in source file shift_l.vhd
    Info (12022): Found design unit 1: shift_l-comportamento File: C:/Users/Enf/Documents/QuartusProjects/Projeto1PHI/ULA/shift_l.vhd Line: 17
    Info (12023): Found entity 1: shift_l File: C:/Users/Enf/Documents/QuartusProjects/Projeto1PHI/ULA/shift_l.vhd Line: 5
Info (12021): Found 2 design units, including 1 entities, in source file ula.vhd
    Info (12022): Found design unit 1: ULA-op File: C:/Users/Enf/Documents/QuartusProjects/Projeto1PHI/ULA/ULA.vhd Line: 16
    Info (12023): Found entity 1: ULA File: C:/Users/Enf/Documents/QuartusProjects/Projeto1PHI/ULA/ULA.vhd Line: 5
Info (12021): Found 2 design units, including 1 entities, in source file subtrator.vhd
    Info (12022): Found design unit 1: subtrator-hard File: C:/Users/Enf/Documents/QuartusProjects/Projeto1PHI/ULA/subtrator.vhd Line: 16
    Info (12023): Found entity 1: subtrator File: C:/Users/Enf/Documents/QuartusProjects/Projeto1PHI/ULA/subtrator.vhd Line: 5
Info (12021): Found 2 design units, including 1 entities, in source file somador.vhd
    Info (12022): Found design unit 1: somador-hard File: C:/Users/Enf/Documents/QuartusProjects/Projeto1PHI/ULA/somador.vhd Line: 15
    Info (12023): Found entity 1: somador File: C:/Users/Enf/Documents/QuartusProjects/Projeto1PHI/ULA/somador.vhd Line: 6
Info (12021): Found 2 design units, including 1 entities, in source file porta_or.vhd
    Info (12022): Found design unit 1: porta_or-hard File: C:/Users/Enf/Documents/QuartusProjects/Projeto1PHI/ULA/porta_or.vhd Line: 17
    Info (12023): Found entity 1: porta_or File: C:/Users/Enf/Documents/QuartusProjects/Projeto1PHI/ULA/porta_or.vhd Line: 4
Info (12021): Found 2 design units, including 1 entities, in source file porta_not.vhd
    Info (12022): Found design unit 1: porta_not-hard File: C:/Users/Enf/Documents/QuartusProjects/Projeto1PHI/ULA/porta_not.vhd Line: 15
    Info (12023): Found entity 1: porta_not File: C:/Users/Enf/Documents/QuartusProjects/Projeto1PHI/ULA/porta_not.vhd Line: 6
Info (12021): Found 2 design units, including 1 entities, in source file porta_and.vhd
    Info (12022): Found design unit 1: porta_and-hard File: C:/Users/Enf/Documents/QuartusProjects/Projeto1PHI/ULA/porta_and.vhd Line: 16
    Info (12023): Found entity 1: porta_and File: C:/Users/Enf/Documents/QuartusProjects/Projeto1PHI/ULA/porta_and.vhd Line: 4
Info (12021): Found 2 design units, including 1 entities, in source file multiplex.vhd
    Info (12022): Found design unit 1: multiplex-hard File: C:/Users/Enf/Documents/QuartusProjects/Projeto1PHI/ULA/multiplex.vhd Line: 14
    Info (12023): Found entity 1: multiplex File: C:/Users/Enf/Documents/QuartusProjects/Projeto1PHI/ULA/multiplex.vhd Line: 4
Info (12021): Found 2 design units, including 1 entities, in source file incrementador.vhd
    Info (12022): Found design unit 1: incrementador-hard File: C:/Users/Enf/Documents/QuartusProjects/Projeto1PHI/ULA/incrementador.vhd Line: 15
    Info (12023): Found entity 1: incrementador File: C:/Users/Enf/Documents/QuartusProjects/Projeto1PHI/ULA/incrementador.vhd Line: 6
Info (12021): Found 2 design units, including 1 entities, in source file decrementador.vhd
    Info (12022): Found design unit 1: decrementador-hard File: C:/Users/Enf/Documents/QuartusProjects/Projeto1PHI/ULA/decrementador.vhd Line: 15
    Info (12023): Found entity 1: decrementador File: C:/Users/Enf/Documents/QuartusProjects/Projeto1PHI/ULA/decrementador.vhd Line: 6
Info (12021): Found 2 design units, including 1 entities, in source file shift_r.vhd
    Info (12022): Found design unit 1: shift_r-comportamento File: C:/Users/Enf/Documents/QuartusProjects/Projeto1PHI/ULA/shift_r.vhd Line: 17
    Info (12023): Found entity 1: shift_r File: C:/Users/Enf/Documents/QuartusProjects/Projeto1PHI/ULA/shift_r.vhd Line: 5
Error (10381): VHDL Type Mismatch error at ULA_tb.vhd(44): indexed name returns a value whose type does not match "std_logic_vector", the type of the target expression File: C:/Users/Enf/Documents/QuartusProjects/Projeto1PHI/ULA/ULA_tb.vhd Line: 44
Error: Quartus Prime Analysis & Synthesis was unsuccessful. 1 error, 1 warning
    Error: Peak virtual memory: 4770 megabytes
    Error: Processing ended: Tue Sep 27 01:03:18 2022
    Error: Elapsed time: 00:00:25
    Error: Total CPU time (on all processors): 00:00:38


